Build started 12-12-2012 00:17:24.
     1>Project "C:\Users\noju\Dropbox\Game Engines CD\Project 2 - 3d renderer\Source\3D-Engine\3D-Engine\3D-Engine.vcxproj" on node 2 (Build target(s)).
     1>ClCompile:
         C:\Program Files\Microsoft Visual Studio 11.0\VC\bin\CL.exe /c /Zi /nologo /W3 /WX- /O2 /Oi /Oy- /GL /D WIN32 /D NDEBUG /D _WINDOWS /D _UNICODE /D UNICODE /Gm- /EHsc /MD /GS /Gy /fp:precise /Zc:wchar_t /Zc:forScope /Fo"Release\\" /Fd"Release\vc110.pdb" /Gd /TP /analyze- /errorReport:prompt main.cpp
         main.cpp
     1>main.cpp(114): warning C4244: 'argument' : conversion from 'int' to 'float', possible loss of data
     1>main.cpp(288): warning C4244: 'argument' : conversion from 'double' to 'float', possible loss of data
     1>main.cpp(289): warning C4244: 'argument' : conversion from 'double' to 'float', possible loss of data
     1>main.cpp(293): warning C4244: 'argument' : conversion from 'double' to 'float', possible loss of data
     1>main.cpp(294): warning C4244: 'argument' : conversion from 'double' to 'float', possible loss of data
     1>main.cpp(298): warning C4244: 'argument' : conversion from 'double' to 'float', possible loss of data
     1>main.cpp(299): warning C4244: 'argument' : conversion from 'double' to 'float', possible loss of data
       Link:
         C:\Program Files\Microsoft Visual Studio 11.0\VC\bin\link.exe /ERRORREPORT:PROMPT /OUT:"C:\Users\noju\Dropbox\Game Engines CD\Project 2 - 3d renderer\Source\3D-Engine\Release\3D-Engine.exe" /INCREMENTAL:NO /NOLOGO /LIBPATH:"SDL.lib SDLmain.lib" SDL.lib SDLmain.lib kernel32.lib user32.lib gdi32.lib winspool.lib comdlg32.lib advapi32.lib shell32.lib ole32.lib oleaut32.lib uuid.lib odbc32.lib odbccp32.lib kernel32.lib user32.lib gdi32.lib winspool.lib comdlg32.lib advapi32.lib shell32.lib ole32.lib oleaut32.lib uuid.lib odbc32.lib odbccp32.lib kernel32.lib user32.lib gdi32.lib winspool.lib comdlg32.lib advapi32.lib shell32.lib ole32.lib oleaut32.lib uuid.lib odbc32.lib odbccp32.lib /MANIFEST /MANIFESTUAC:"level='asInvoker' uiAccess='false'" /manifest:embed /DEBUG /PDB:"C:\Users\noju\Dropbox\Game Engines CD\Project 2 - 3d renderer\Source\3D-Engine\Release\3D-Engine.pdb" /SUBSYSTEM:WINDOWS /OPT:REF /OPT:ICF /LTCG /TLBID:1 /DYNAMICBASE /NXCOMPAT /IMPLIB:"C:\Users\noju\Dropbox\Game Engines CD\Project 2 - 3d renderer\Source\3D-Engine\Release\3D-Engine.lib" /MACHINE:X86 /SAFESEH Release\SDL_draw.obj
         Release\Camera.obj
         Release\DrawableObject.obj
         Release\InputHandler.obj
         Release\main.obj
         Release\Matrix41.obj
         Release\Matrix44.obj
         Release\Point3D.obj
         Release\TransformHandler.obj
         Release\Triangle.obj
         Release\Vector3D.obj
            Creating library C:\Users\noju\Dropbox\Game Engines CD\Project 2 - 3d renderer\Source\3D-Engine\Release\3D-Engine.lib and object C:\Users\noju\Dropbox\Game Engines CD\Project 2 - 3d renderer\Source\3D-Engine\Release\3D-Engine.exp
         Generating code
         Finished generating code
         3D-Engine.vcxproj -> C:\Users\noju\Dropbox\Game Engines CD\Project 2 - 3d renderer\Source\3D-Engine\Release\3D-Engine.exe
     1>Done Building Project "C:\Users\noju\Dropbox\Game Engines CD\Project 2 - 3d renderer\Source\3D-Engine\3D-Engine\3D-Engine.vcxproj" (Build target(s)).

Build succeeded.

Time Elapsed 00:00:02.76
